<?xml version="1.0" encoding="UTF-8"?>
<!-- Generated by org.testng.reporters.JUnitReportReporter -->
<testsuite hostname="DESKTOP-SAQ53MG" failures="0" tests="1" name="cucumber.TestNgTestRunner" time="8.381" errors="0" timestamp="2024-12-06T18:33:12 IST" skipped="0">
  <testcase classname="cucumber.TestNgTestRunner" name="runScenario" time="8.381"/>
</testsuite> <!-- cucumber.TestNgTestRunner -->
