<?xml version="1.0" encoding="UTF-8"?>
<!-- Generated by org.testng.reporters.JUnitReportReporter -->
<testsuite hostname="DESKTOP-SAQ53MG" failures="0" tests="3" name="rahulshettyacademy.test.SubmitOrderTest1" time="32.405" errors="0" timestamp="2024-11-28T19:13:23 IST" skipped="0">
  <testcase classname="rahulshettyacademy.test.SubmitOrderTest1" name="submitOrder" time="12.502"/>
  <testcase classname="rahulshettyacademy.test.SubmitOrderTest1" name="submitOrder" time="11.835"/>
  <testcase classname="rahulshettyacademy.test.SubmitOrderTest1" name="orderHistryTest" time="8.068"/>
</testsuite> <!-- rahulshettyacademy.test.SubmitOrderTest1 -->
