<?xml version="1.0" encoding="UTF-8"?>
<!-- Generated by org.testng.reporters.JUnitReportReporter -->
<testsuite hostname="DESKTOP-SAQ53MG" failures="0" tests="2" name="rahulshettyacademy.test.ErrorValidationTest" time="11.509" errors="0" timestamp="2024-12-03T20:40:07 IST" skipped="0">
  <testcase classname="rahulshettyacademy.test.ErrorValidationTest" name="LoginErrorValidation" time="2.828"/>
  <testcase classname="rahulshettyacademy.test.ErrorValidationTest" name="ProductErrorValidation" time="8.681"/>
</testsuite> <!-- rahulshettyacademy.test.ErrorValidationTest -->
